samantha-simple/android-app/app/build/intermediates/manifest_merge_blame_file/release/processReleaseMainManifest/manifest-merger-blame-release-report.txt
1<?xml version="1.0" encoding="utf-8"?>
2<manifest xmlns:android="http://schemas.android.com/apk/res/android"
3    package="com.samantha"
4    android:versionCode="1"
5    android:versionName="1.0" >
6
7    <uses-sdk
8        android:minSdkVersion="24"
9        android:targetSdkVersion="34" />
10
11    <uses-permission android:name="android.permission.INTERNET" />
11-->src/main/AndroidManifest.xml:5:5-67
11-->src/main/AndroidManifest.xml:5:22-64
12    <uses-permission android:name="android.permission.RECORD_AUDIO" />
12-->src/main/AndroidManifest.xml:6:5-71
12-->src/main/AndroidManifest.xml:6:22-68
13    <uses-permission android:name="android.permission.MODIFY_AUDIO_SETTINGS" />
13-->src/main/AndroidManifest.xml:7:5-80
13-->src/main/AndroidManifest.xml:7:22-77
14
15    <permission
15-->[androidx.core:core:1.12.0] AndroidManifest.xml:22:5-24:47
16        android:name="com.samantha.DYNAMIC_RECEIVER_NOT_EXPORTED_PERMISSION"
16-->[androidx.core:core:1.12.0] AndroidManifest.xml:23:9-81
17        android:protectionLevel="signature" />
17-->[androidx.core:core:1.12.0] AndroidManifest.xml:24:9-44
18
19    <uses-permission android:name="com.samantha.DYNAMIC_RECEIVER_NOT_EXPORTED_PERMISSION" />
19-->[androidx.core:core:1.12.0] AndroidManifest.xml:26:5-97
19-->[androidx.core:core:1.12.0] AndroidManifest.xml:26:22-94
20
21    <application
21-->src/main/AndroidManifest.xml:9:5-30:19
22        android:name="com.samantha.SamanthaApplication"
22-->src/main/AndroidManifest.xml:10:9-44
23        android:allowBackup="true"
23-->src/main/AndroidManifest.xml:11:9-35
24        android:appComponentFactory="androidx.core.app.CoreComponentFactory"
24-->[androidx.core:core:1.12.0] AndroidManifest.xml:28:18-86
25        android:dataExtractionRules="@xml/data_extraction_rules"
25-->src/main/AndroidManifest.xml:12:9-65
26        android:extractNativeLibs="false"
27        android:fullBackupContent="@xml/backup_rules"
27-->src/main/AndroidManifest.xml:13:9-54
28        android:icon="@mipmap/ic_launcher"
28-->src/main/AndroidManifest.xml:14:9-43
29        android:label="@string/app_name"
29-->src/main/AndroidManifest.xml:15:9-41
30        android:networkSecurityConfig="@xml/network_security_config"
30-->src/main/AndroidManifest.xml:19:9-69
31        android:roundIcon="@mipmap/ic_launcher_round"
31-->src/main/AndroidManifest.xml:16:9-54
32        android:supportsRtl="true"
32-->src/main/AndroidManifest.xml:17:9-35
33        android:theme="@style/Theme.Samantha" >
33-->src/main/AndroidManifest.xml:18:9-46
34        <activity
34-->src/main/AndroidManifest.xml:21:9-29:20
35            android:name="com.samantha.MainActivity"
35-->src/main/AndroidManifest.xml:22:13-41
36            android:exported="true"
36-->src/main/AndroidManifest.xml:23:13-36
37            android:theme="@style/Theme.Samantha" >
37-->src/main/AndroidManifest.xml:24:13-50
38            <intent-filter>
38-->src/main/AndroidManifest.xml:25:13-28:29
39                <action android:name="android.intent.action.MAIN" />
39-->src/main/AndroidManifest.xml:26:17-69
39-->src/main/AndroidManifest.xml:26:25-66
40
41                <category android:name="android.intent.category.LAUNCHER" />
41-->src/main/AndroidManifest.xml:27:17-77
41-->src/main/AndroidManifest.xml:27:27-74
42            </intent-filter>
43        </activity>
44
45        <provider
45-->[androidx.emoji2:emoji2:1.4.0] AndroidManifest.xml:24:9-32:20
46            android:name="androidx.startup.InitializationProvider"
46-->[androidx.emoji2:emoji2:1.4.0] AndroidManifest.xml:25:13-67
47            android:authorities="com.samantha.androidx-startup"
47-->[androidx.emoji2:emoji2:1.4.0] AndroidManifest.xml:26:13-68
48            android:exported="false" >
48-->[androidx.emoji2:emoji2:1.4.0] AndroidManifest.xml:27:13-37
49            <meta-data
49-->[androidx.emoji2:emoji2:1.4.0] AndroidManifest.xml:29:13-31:52
50                android:name="androidx.emoji2.text.EmojiCompatInitializer"
50-->[androidx.emoji2:emoji2:1.4.0] AndroidManifest.xml:30:17-75
51                android:value="androidx.startup" />
51-->[androidx.emoji2:emoji2:1.4.0] AndroidManifest.xml:31:17-49
52            <meta-data
52-->[androidx.lifecycle:lifecycle-process:2.7.0] AndroidManifest.xml:29:13-31:52
53                android:name="androidx.lifecycle.ProcessLifecycleInitializer"
53-->[androidx.lifecycle:lifecycle-process:2.7.0] AndroidManifest.xml:30:17-78
54                android:value="androidx.startup" />
54-->[androidx.lifecycle:lifecycle-process:2.7.0] AndroidManifest.xml:31:17-49
55            <meta-data
55-->[androidx.profileinstaller:profileinstaller:1.3.0] AndroidManifest.xml:29:13-31:52
56                android:name="androidx.profileinstaller.ProfileInstallerInitializer"
56-->[androidx.profileinstaller:profileinstaller:1.3.0] AndroidManifest.xml:30:17-85
57                android:value="androidx.startup" />
57-->[androidx.profileinstaller:profileinstaller:1.3.0] AndroidManifest.xml:31:17-49
58        </provider>
59
60        <service
60-->[androidx.room:room-runtime:2.6.1] AndroidManifest.xml:24:9-28:63
61            android:name="androidx.room.MultiInstanceInvalidationService"
61-->[androidx.room:room-runtime:2.6.1] AndroidManifest.xml:25:13-74
62            android:directBootAware="true"
62-->[androidx.room:room-runtime:2.6.1] AndroidManifest.xml:26:13-43
63            android:exported="false" />
63-->[androidx.room:room-runtime:2.6.1] AndroidManifest.xml:27:13-37
64
65        <receiver
65-->[androidx.profileinstaller:profileinstaller:1.3.0] AndroidManifest.xml:34:9-52:20
66            android:name="androidx.profileinstaller.ProfileInstallReceiver"
66-->[androidx.profileinstaller:profileinstaller:1.3.0] AndroidManifest.xml:35:13-76
67            android:directBootAware="false"
67-->[androidx.profileinstaller:profileinstaller:1.3.0] AndroidManifest.xml:36:13-44
68            android:enabled="true"
68-->[androidx.profileinstaller:profileinstaller:1.3.0] AndroidManifest.xml:37:13-35
69            android:exported="true"
69-->[androidx.profileinstaller:profileinstaller:1.3.0] AndroidManifest.xml:38:13-36
70            android:permission="android.permission.DUMP" >
70-->[androidx.profileinstaller:profileinstaller:1.3.0] AndroidManifest.xml:39:13-57
71            <intent-filter>
71-->[androidx.profileinstaller:profileinstaller:1.3.0] AndroidManifest.xml:40:13-42:29
72                <action android:name="androidx.profileinstaller.action.INSTALL_PROFILE" />
72-->[androidx.profileinstaller:profileinstaller:1.3.0] AndroidManifest.xml:41:17-91
72-->[androidx.profileinstaller:profileinstaller:1.3.0] AndroidManifest.xml:41:25-88
73            </intent-filter>
74            <intent-filter>
74-->[androidx.profileinstaller:profileinstaller:1.3.0] AndroidManifest.xml:43:13-45:29
75                <action android:name="androidx.profileinstaller.action.SKIP_FILE" />
75-->[androidx.profileinstaller:profileinstaller:1.3.0] AndroidManifest.xml:44:17-85
75-->[androidx.profileinstaller:profileinstaller:1.3.0] AndroidManifest.xml:44:25-82
76            </intent-filter>
77            <intent-filter>
77-->[androidx.profileinstaller:profileinstaller:1.3.0] AndroidManifest.xml:46:13-48:29
78                <action android:name="androidx.profileinstaller.action.SAVE_PROFILE" />
78-->[androidx.profileinstaller:profileinstaller:1.3.0] AndroidManifest.xml:47:17-88
78-->[androidx.profileinstaller:profileinstaller:1.3.0] AndroidManifest.xml:47:25-85
79            </intent-filter>
80            <intent-filter>
80-->[androidx.profileinstaller:profileinstaller:1.3.0] AndroidManifest.xml:49:13-51:29
81                <action android:name="androidx.profileinstaller.action.BENCHMARK_OPERATION" />
81-->[androidx.profileinstaller:profileinstaller:1.3.0] AndroidManifest.xml:50:17-95
81-->[androidx.profileinstaller:profileinstaller:1.3.0] AndroidManifest.xml:50:25-92
82            </intent-filter>
83        </receiver>
84    </application>
85
86</manifest>